<?xml version="1.0" encoding="UTF-8"?>
<!-- Generated by org.testng.reporters.JUnitReportReporter -->
<testsuite skipped="0" hostname="USGURSAUKAL89" name="seleniumTests.DataProviderTest" tests="4" failures="0" timestamp="2020-08-04T15:15:13 IST" time="0.019" errors="0">
  <testcase name="testMethodTwo" time="0.002" classname="seleniumTests.DataProviderTest"/>
  <system-out/>
  <testcase name="testMethodOne" time="0.014" classname="seleniumTests.DataProviderTest"/>
  <system-out/>
  <testcase name="testMethodTwo" time="0.001" classname="seleniumTests.DataProviderTest"/>
  <system-out/>
  <testcase name="testMethodOne" time="0.002" classname="seleniumTests.DataProviderTest"/>
  <system-out/>
</testsuite> <!-- seleniumTests.DataProviderTest -->
